faceauth-sdk/build/intermediates/manifest_merge_blame_file/debug/processDebugManifest/manifest-merger-blame-debug-report.txt
1<?xml version="1.0" encoding="utf-8"?>
2<manifest xmlns:android="http://schemas.android.com/apk/res/android"
3    package="com.faceauth.sdk" >
4
5    <uses-sdk android:minSdkVersion="35" />
6
7    <!-- 카메라 권한 -->
8    <uses-permission android:name="android.permission.CAMERA" />
8-->src\main\AndroidManifest.xml:5:5-65
8-->src\main\AndroidManifest.xml:5:22-62
9    <!-- 진동(챌린지 피드백) -->
10    <uses-permission android:name="android.permission.VIBRATE" />
10-->src\main\AndroidManifest.xml:7:5-66
10-->src\main\AndroidManifest.xml:7:22-63
11
12    <uses-feature
12-->src\main\AndroidManifest.xml:9:5-90
13        android:name="android.hardware.camera.front"
13-->src\main\AndroidManifest.xml:9:19-63
14        android:required="true" />
14-->src\main\AndroidManifest.xml:9:64-87
15
16    <application>
16-->src\main\AndroidManifest.xml:11:5-25:19
17
18        <!-- 내장 등록 Activity -->
19        <activity
19-->src\main\AndroidManifest.xml:13:9-17:53
20            android:name="com.faceauth.sdk.camera.EnrollmentActivity"
20-->src\main\AndroidManifest.xml:14:13-54
21            android:exported="false"
21-->src\main\AndroidManifest.xml:15:13-37
22            android:screenOrientation="portrait"
22-->src\main\AndroidManifest.xml:16:13-49
23            android:theme="@style/Theme.FaceAuth" />
23-->src\main\AndroidManifest.xml:17:13-50
24
25        <!-- 내장 인증 Activity -->
26        <activity
26-->src\main\AndroidManifest.xml:20:9-24:53
27            android:name="com.faceauth.sdk.camera.AuthenticationActivity"
27-->src\main\AndroidManifest.xml:21:13-58
28            android:exported="false"
28-->src\main\AndroidManifest.xml:22:13-37
29            android:screenOrientation="portrait"
29-->src\main\AndroidManifest.xml:23:13-49
30            android:theme="@style/Theme.FaceAuth" />
30-->src\main\AndroidManifest.xml:24:13-50
31    </application>
32
33</manifest>